VENDOR DEF TRANSACTION REPORT                                         
REPORT DATE: 2025-06-09                                              
GENERATED: 2025-06-09 23:59:59                                       
PAGE: 1 OF 1                                                         
================================================================================

HDR|20250609|VENDOR_DEF_DAILY_REPORT|20|TRANSACTION_SUMMARY|1|1

TXN|BNK031|4692470581|GITA GUTAWA|700000|ATM MERAUKE 31|DEF|2025-06-09 14:33:58|APPROVED|156|AES256|CASH_WITHDRAWAL
TXN|BNK032|5703581692|DIMAS ANGGARA|550000|ATM NABIRE 32|DEF|2025-06-09 14:46:14|APPROVED|234|AES256|CASH_WITHDRAWAL
TXN|BNK033|6814692703|LUNA MAYA|800000|ATM TIMIKA 33|DEF|2025-06-09 14:59:39|APPROVED|189|AES256|CASH_WITHDRAWAL
TXN|BNK034|7925703814|RAFFI AHMAD|350000|ATM WAMENA 34|DEF|2025-06-09 15:12:55|APPROVED|298|AES256|CASH_WITHDRAWAL
TXN|BNK035|8036814925|NAGITA SLAVINA|950000|ATM BIAK 35|DEF|2025-06-09 15:25:41|APPROVED|167|AES256|CASH_WITHDRAWAL
TXN|BNK036|9147925036|AGNEZ MONICA|400000|ATM FAKFAK 36|DEF|2025-06-09 15:38:17|APPROVED|245|AES256|CASH_WITHDRAWAL
TXN|BNK037|1258036147|RAISA ANDRIANA|650000|ATM KAIMANA 37|DEF|2025-06-09 15:51:28|APPROVED|178|AES256|CASH_WITHDRAWAL
TXN|BNK038|2369147258|ISYANA SARASVATI|750000|ATM SENTANI 38|DEF|2025-06-09 16:04:53|APPROVED|312|AES256|CASH_WITHDRAWAL
TXN|BNK039|3470258369|AFGAN SYAHREZA|500000|ATM BANYUWANGI 39|DEF|2025-06-09 16:17:46|APPROVED|201|AES256|CASH_WITHDRAWAL
TXN|BNK040|4581369470|MAUDY AYUNDA|1200000|ATM JEMBER 40|DEF|2025-06-09 16:30:12|APPROVED|267|AES256|CASH_WITHDRAWAL
TXN|BNK041|5692470581|ROSSA ROSLAINA|450000|ATM PROBOLINGGO 41|DEF|2025-06-09 16:43:59|APPROVED|189|AES256|CASH_WITHDRAWAL
TXN|BNK042|6703581692|BUNGA ZAINAL|600000|ATM MALANG 42|DEF|2025-06-09 17:09:21|APPROVED|234|AES256|CASH_WITHDRAWAL
TXN|BNK043|7814692703|SANDRA DEWI|350000|ATM KEDIRI 43|DEF|2025-06-09 17:22:48|APPROVED|198|AES256|CASH_WITHDRAWAL
TXN|BNK044|8925703814|PRILLY LATUCONSINA|850000|ATM MADIUN 44|DEF|2025-06-09 17:35:14|APPROVED|278|AES256|CASH_WITHDRAWAL
TXN|BNK045|9036814925|CHELSEA ISLAN|700000|ATM TULUNGAGUNG 45|DEF|2025-06-09 17:48:37|APPROVED|156|AES256|CASH_WITHDRAWAL
TXN|BNK046|1147925036|DIAN SASTRO|550000|ATM BLITAR 46|DEF|2025-06-09 18:01:52|APPROVED|245|AES256|CASH_WITHDRAWAL
TXN|BNK047|2258036147|ACHA SEPTRIASA|900000|ATM MOJOKERTO 47|DEF|2025-06-09 18:14:19|APPROVED|167|AES256|CASH_WITHDRAWAL
TXN|BNK048|3369147258|LAUDYA CYNTHIA|400000|ATM PASURUAN 48|DEF|2025-06-09 18:27:43|APPROVED|312|AES256|CASH_WITHDRAWAL
TXN|BNK049|4470258369|PEVITA PEARCE|750000|ATM SITUBONDO 49|DEF|2025-06-09 18:40:28|APPROVED|201|AES256|CASH_WITHDRAWAL
TXN|BNK050|5581369470|CINTA LAURA|1100000|ATM BONDOWOSO 50|DEF|2025-06-09 18:53:15|APPROVED|234|AES256|CASH_WITHDRAWAL

================================================================================
SUMMARY INFORMATION:
TOTAL TRANSACTIONS: 20
TOTAL AMOUNT: 13,200,000
AVERAGE AMOUNT: 660,000
SUCCESSFUL TRANSACTIONS: 20
FAILED TRANSACTIONS: 0
SUCCESS RATE: 100.00%
================================================================================

FTR|20250609|20|13200000|100.00|VENDOR_DEF_DAILY_REPORT|END_OF_REPORT